[01-Oct-2024 14:28:42 Asia/Ho_Chi_Minh] PHP Fatal error:  Uncaught PDOException: could not find driver in C:\Users\Admin\Desktop\Workspace\GACMAI\GACMAI-ADMIN\vendor\illuminate\database\Connectors\Connector.php:70
Stack trace:
#0 C:\Users\Admin\Desktop\Workspace\GACMAI\GACMAI-ADMIN\vendor\illuminate\database\Connectors\Connector.php(70): PDO->__construct('mysql:host=loca...', 'gacmai_code', 'HACF4SCW!4Wx', Array)
#1 C:\Users\Admin\Desktop\Workspace\GACMAI\GACMAI-ADMIN\vendor\illuminate\database\Connectors\Connector.php(46): Illuminate\Database\Connectors\Connector->createPdoConnection('mysql:host=loca...', 'gacmai_code', 'HACF4SCW!4Wx', Array)
#2 C:\Users\Admin\Desktop\Workspace\GACMAI\GACMAI-ADMIN\vendor\illuminate\database\Connectors\MySqlConnector.php(24): Illuminate\Database\Connectors\Connector->createConnection('mysql:host=loca...', Array, Array)
#3 C:\Users\Admin\Desktop\Workspace\GACMAI\GACMAI-ADMIN\vendor\illuminate\database\Connectors\ConnectionFactory.php(184): Illuminate\Database\Connectors\MySqlConnector->connect(Array)
#4 [internal function]: Illuminat in C:\Users\Admin\Desktop\Workspace\GACMAI\GACMAI-ADMIN\vendor\illuminate\database\Connection.php on line 712
[01-Oct-2024 14:28:42 Asia/Ho_Chi_Minh] [SHUTDOWN ERROR] [1] Uncaught PDOException: could not find driver in C:\Users\Admin\Desktop\Workspace\GACMAI\GACMAI-ADMIN\vendor\illuminate\database\Connectors\Connector.php:70
Stack trace:
#0 C:\Users\Admin\Desktop\Workspace\GACMAI\GACMAI-ADMIN\vendor\illuminate\database\Connectors\Connector.php(70): PDO->__construct('mysql:host=loca...', 'gacmai_code', 'HACF4SCW!4Wx', Array)
#1 C:\Users\Admin\Desktop\Workspace\GACMAI\GACMAI-ADMIN\vendor\illuminate\database\Connectors\Connector.php(46): Illuminate\Database\Connectors\Connector->createPdoConnection('mysql:host=loca...', 'gacmai_code', 'HACF4SCW!4Wx', Array)
#2 C:\Users\Admin\Desktop\Workspace\GACMAI\GACMAI-ADMIN\vendor\illuminate\database\Connectors\MySqlConnector.php(24): Illuminate\Database\Connectors\Connector->createConnection('mysql:host=loca...', Array, Array)
#3 C:\Users\Admin\Desktop\Workspace\GACMAI\GACMAI-ADMIN\vendor\illuminate\database\Connectors\ConnectionFactory.php(184): Illuminate\Database\Connectors\MySqlConnector->connect(Array)
#4 [internal function]: Illuminat - C:\Users\Admin\Desktop\Workspace\GACMAI\GACMAI-ADMIN\vendor\illuminate\database\Connection.php:712

[01-Oct-2024 14:29:56 Asia/Ho_Chi_Minh] PHP Fatal error:  Uncaught PDOException: could not find driver in C:\Users\Admin\Desktop\Workspace\GACMAI\GACMAI-ADMIN\vendor\illuminate\database\Connectors\Connector.php:70
Stack trace:
#0 C:\Users\Admin\Desktop\Workspace\GACMAI\GACMAI-ADMIN\vendor\illuminate\database\Connectors\Connector.php(70): PDO->__construct('mysql:host=loca...', 'gacmai_code', 'HACF4SCW!4Wx', Array)
#1 C:\Users\Admin\Desktop\Workspace\GACMAI\GACMAI-ADMIN\vendor\illuminate\database\Connectors\Connector.php(46): Illuminate\Database\Connectors\Connector->createPdoConnection('mysql:host=loca...', 'gacmai_code', 'HACF4SCW!4Wx', Array)
#2 C:\Users\Admin\Desktop\Workspace\GACMAI\GACMAI-ADMIN\vendor\illuminate\database\Connectors\MySqlConnector.php(24): Illuminate\Database\Connectors\Connector->createConnection('mysql:host=loca...', Array, Array)
#3 C:\Users\Admin\Desktop\Workspace\GACMAI\GACMAI-ADMIN\vendor\illuminate\database\Connectors\ConnectionFactory.php(184): Illuminate\Database\Connectors\MySqlConnector->connect(Array)
#4 [internal function]: Illuminat in C:\Users\Admin\Desktop\Workspace\GACMAI\GACMAI-ADMIN\vendor\illuminate\database\Connection.php on line 712
[01-Oct-2024 14:29:56 Asia/Ho_Chi_Minh] [SHUTDOWN ERROR] [1] Uncaught PDOException: could not find driver in C:\Users\Admin\Desktop\Workspace\GACMAI\GACMAI-ADMIN\vendor\illuminate\database\Connectors\Connector.php:70
Stack trace:
#0 C:\Users\Admin\Desktop\Workspace\GACMAI\GACMAI-ADMIN\vendor\illuminate\database\Connectors\Connector.php(70): PDO->__construct('mysql:host=loca...', 'gacmai_code', 'HACF4SCW!4Wx', Array)
#1 C:\Users\Admin\Desktop\Workspace\GACMAI\GACMAI-ADMIN\vendor\illuminate\database\Connectors\Connector.php(46): Illuminate\Database\Connectors\Connector->createPdoConnection('mysql:host=loca...', 'gacmai_code', 'HACF4SCW!4Wx', Array)
#2 C:\Users\Admin\Desktop\Workspace\GACMAI\GACMAI-ADMIN\vendor\illuminate\database\Connectors\MySqlConnector.php(24): Illuminate\Database\Connectors\Connector->createConnection('mysql:host=loca...', Array, Array)
#3 C:\Users\Admin\Desktop\Workspace\GACMAI\GACMAI-ADMIN\vendor\illuminate\database\Connectors\ConnectionFactory.php(184): Illuminate\Database\Connectors\MySqlConnector->connect(Array)
#4 [internal function]: Illuminat - C:\Users\Admin\Desktop\Workspace\GACMAI\GACMAI-ADMIN\vendor\illuminate\database\Connection.php:712

[01-Oct-2024 14:30:02 Asia/Ho_Chi_Minh] PHP Fatal error:  Uncaught PDOException: could not find driver in C:\Users\Admin\Desktop\Workspace\GACMAI\GACMAI-ADMIN\vendor\illuminate\database\Connectors\Connector.php:70
Stack trace:
#0 C:\Users\Admin\Desktop\Workspace\GACMAI\GACMAI-ADMIN\vendor\illuminate\database\Connectors\Connector.php(70): PDO->__construct('mysql:host=loca...', 'gacmai_code', 'HACF4SCW!4Wx', Array)
#1 C:\Users\Admin\Desktop\Workspace\GACMAI\GACMAI-ADMIN\vendor\illuminate\database\Connectors\Connector.php(46): Illuminate\Database\Connectors\Connector->createPdoConnection('mysql:host=loca...', 'gacmai_code', 'HACF4SCW!4Wx', Array)
#2 C:\Users\Admin\Desktop\Workspace\GACMAI\GACMAI-ADMIN\vendor\illuminate\database\Connectors\MySqlConnector.php(24): Illuminate\Database\Connectors\Connector->createConnection('mysql:host=loca...', Array, Array)
#3 C:\Users\Admin\Desktop\Workspace\GACMAI\GACMAI-ADMIN\vendor\illuminate\database\Connectors\ConnectionFactory.php(184): Illuminate\Database\Connectors\MySqlConnector->connect(Array)
#4 [internal function]: Illuminat in C:\Users\Admin\Desktop\Workspace\GACMAI\GACMAI-ADMIN\vendor\illuminate\database\Connection.php on line 712
[01-Oct-2024 14:30:02 Asia/Ho_Chi_Minh] [SHUTDOWN ERROR] [1] Uncaught PDOException: could not find driver in C:\Users\Admin\Desktop\Workspace\GACMAI\GACMAI-ADMIN\vendor\illuminate\database\Connectors\Connector.php:70
Stack trace:
#0 C:\Users\Admin\Desktop\Workspace\GACMAI\GACMAI-ADMIN\vendor\illuminate\database\Connectors\Connector.php(70): PDO->__construct('mysql:host=loca...', 'gacmai_code', 'HACF4SCW!4Wx', Array)
#1 C:\Users\Admin\Desktop\Workspace\GACMAI\GACMAI-ADMIN\vendor\illuminate\database\Connectors\Connector.php(46): Illuminate\Database\Connectors\Connector->createPdoConnection('mysql:host=loca...', 'gacmai_code', 'HACF4SCW!4Wx', Array)
#2 C:\Users\Admin\Desktop\Workspace\GACMAI\GACMAI-ADMIN\vendor\illuminate\database\Connectors\MySqlConnector.php(24): Illuminate\Database\Connectors\Connector->createConnection('mysql:host=loca...', Array, Array)
#3 C:\Users\Admin\Desktop\Workspace\GACMAI\GACMAI-ADMIN\vendor\illuminate\database\Connectors\ConnectionFactory.php(184): Illuminate\Database\Connectors\MySqlConnector->connect(Array)
#4 [internal function]: Illuminat - C:\Users\Admin\Desktop\Workspace\GACMAI\GACMAI-ADMIN\vendor\illuminate\database\Connection.php:712

[01-Oct-2024 14:30:03 Asia/Ho_Chi_Minh] PHP Fatal error:  Uncaught PDOException: could not find driver in C:\Users\Admin\Desktop\Workspace\GACMAI\GACMAI-ADMIN\vendor\illuminate\database\Connectors\Connector.php:70
Stack trace:
#0 C:\Users\Admin\Desktop\Workspace\GACMAI\GACMAI-ADMIN\vendor\illuminate\database\Connectors\Connector.php(70): PDO->__construct('mysql:host=loca...', 'gacmai_code', 'HACF4SCW!4Wx', Array)
#1 C:\Users\Admin\Desktop\Workspace\GACMAI\GACMAI-ADMIN\vendor\illuminate\database\Connectors\Connector.php(46): Illuminate\Database\Connectors\Connector->createPdoConnection('mysql:host=loca...', 'gacmai_code', 'HACF4SCW!4Wx', Array)
#2 C:\Users\Admin\Desktop\Workspace\GACMAI\GACMAI-ADMIN\vendor\illuminate\database\Connectors\MySqlConnector.php(24): Illuminate\Database\Connectors\Connector->createConnection('mysql:host=loca...', Array, Array)
#3 C:\Users\Admin\Desktop\Workspace\GACMAI\GACMAI-ADMIN\vendor\illuminate\database\Connectors\ConnectionFactory.php(184): Illuminate\Database\Connectors\MySqlConnector->connect(Array)
#4 [internal function]: Illuminat in C:\Users\Admin\Desktop\Workspace\GACMAI\GACMAI-ADMIN\vendor\illuminate\database\Connection.php on line 712
[01-Oct-2024 14:30:03 Asia/Ho_Chi_Minh] [SHUTDOWN ERROR] [1] Uncaught PDOException: could not find driver in C:\Users\Admin\Desktop\Workspace\GACMAI\GACMAI-ADMIN\vendor\illuminate\database\Connectors\Connector.php:70
Stack trace:
#0 C:\Users\Admin\Desktop\Workspace\GACMAI\GACMAI-ADMIN\vendor\illuminate\database\Connectors\Connector.php(70): PDO->__construct('mysql:host=loca...', 'gacmai_code', 'HACF4SCW!4Wx', Array)
#1 C:\Users\Admin\Desktop\Workspace\GACMAI\GACMAI-ADMIN\vendor\illuminate\database\Connectors\Connector.php(46): Illuminate\Database\Connectors\Connector->createPdoConnection('mysql:host=loca...', 'gacmai_code', 'HACF4SCW!4Wx', Array)
#2 C:\Users\Admin\Desktop\Workspace\GACMAI\GACMAI-ADMIN\vendor\illuminate\database\Connectors\MySqlConnector.php(24): Illuminate\Database\Connectors\Connector->createConnection('mysql:host=loca...', Array, Array)
#3 C:\Users\Admin\Desktop\Workspace\GACMAI\GACMAI-ADMIN\vendor\illuminate\database\Connectors\ConnectionFactory.php(184): Illuminate\Database\Connectors\MySqlConnector->connect(Array)
#4 [internal function]: Illuminat - C:\Users\Admin\Desktop\Workspace\GACMAI\GACMAI-ADMIN\vendor\illuminate\database\Connection.php:712

[01-Oct-2024 14:30:03 Asia/Ho_Chi_Minh] PHP Fatal error:  Uncaught PDOException: could not find driver in C:\Users\Admin\Desktop\Workspace\GACMAI\GACMAI-ADMIN\vendor\illuminate\database\Connectors\Connector.php:70
Stack trace:
#0 C:\Users\Admin\Desktop\Workspace\GACMAI\GACMAI-ADMIN\vendor\illuminate\database\Connectors\Connector.php(70): PDO->__construct('mysql:host=loca...', 'gacmai_code', 'HACF4SCW!4Wx', Array)
#1 C:\Users\Admin\Desktop\Workspace\GACMAI\GACMAI-ADMIN\vendor\illuminate\database\Connectors\Connector.php(46): Illuminate\Database\Connectors\Connector->createPdoConnection('mysql:host=loca...', 'gacmai_code', 'HACF4SCW!4Wx', Array)
#2 C:\Users\Admin\Desktop\Workspace\GACMAI\GACMAI-ADMIN\vendor\illuminate\database\Connectors\MySqlConnector.php(24): Illuminate\Database\Connectors\Connector->createConnection('mysql:host=loca...', Array, Array)
#3 C:\Users\Admin\Desktop\Workspace\GACMAI\GACMAI-ADMIN\vendor\illuminate\database\Connectors\ConnectionFactory.php(184): Illuminate\Database\Connectors\MySqlConnector->connect(Array)
#4 [internal function]: Illuminat in C:\Users\Admin\Desktop\Workspace\GACMAI\GACMAI-ADMIN\vendor\illuminate\database\Connection.php on line 712
[01-Oct-2024 14:30:03 Asia/Ho_Chi_Minh] [SHUTDOWN ERROR] [1] Uncaught PDOException: could not find driver in C:\Users\Admin\Desktop\Workspace\GACMAI\GACMAI-ADMIN\vendor\illuminate\database\Connectors\Connector.php:70
Stack trace:
#0 C:\Users\Admin\Desktop\Workspace\GACMAI\GACMAI-ADMIN\vendor\illuminate\database\Connectors\Connector.php(70): PDO->__construct('mysql:host=loca...', 'gacmai_code', 'HACF4SCW!4Wx', Array)
#1 C:\Users\Admin\Desktop\Workspace\GACMAI\GACMAI-ADMIN\vendor\illuminate\database\Connectors\Connector.php(46): Illuminate\Database\Connectors\Connector->createPdoConnection('mysql:host=loca...', 'gacmai_code', 'HACF4SCW!4Wx', Array)
#2 C:\Users\Admin\Desktop\Workspace\GACMAI\GACMAI-ADMIN\vendor\illuminate\database\Connectors\MySqlConnector.php(24): Illuminate\Database\Connectors\Connector->createConnection('mysql:host=loca...', Array, Array)
#3 C:\Users\Admin\Desktop\Workspace\GACMAI\GACMAI-ADMIN\vendor\illuminate\database\Connectors\ConnectionFactory.php(184): Illuminate\Database\Connectors\MySqlConnector->connect(Array)
#4 [internal function]: Illuminat - C:\Users\Admin\Desktop\Workspace\GACMAI\GACMAI-ADMIN\vendor\illuminate\database\Connection.php:712

[01-Oct-2024 14:30:03 Asia/Ho_Chi_Minh] PHP Fatal error:  Uncaught PDOException: could not find driver in C:\Users\Admin\Desktop\Workspace\GACMAI\GACMAI-ADMIN\vendor\illuminate\database\Connectors\Connector.php:70
Stack trace:
#0 C:\Users\Admin\Desktop\Workspace\GACMAI\GACMAI-ADMIN\vendor\illuminate\database\Connectors\Connector.php(70): PDO->__construct('mysql:host=loca...', 'gacmai_code', 'HACF4SCW!4Wx', Array)
#1 C:\Users\Admin\Desktop\Workspace\GACMAI\GACMAI-ADMIN\vendor\illuminate\database\Connectors\Connector.php(46): Illuminate\Database\Connectors\Connector->createPdoConnection('mysql:host=loca...', 'gacmai_code', 'HACF4SCW!4Wx', Array)
#2 C:\Users\Admin\Desktop\Workspace\GACMAI\GACMAI-ADMIN\vendor\illuminate\database\Connectors\MySqlConnector.php(24): Illuminate\Database\Connectors\Connector->createConnection('mysql:host=loca...', Array, Array)
#3 C:\Users\Admin\Desktop\Workspace\GACMAI\GACMAI-ADMIN\vendor\illuminate\database\Connectors\ConnectionFactory.php(184): Illuminate\Database\Connectors\MySqlConnector->connect(Array)
#4 [internal function]: Illuminat in C:\Users\Admin\Desktop\Workspace\GACMAI\GACMAI-ADMIN\vendor\illuminate\database\Connection.php on line 712
[01-Oct-2024 14:30:03 Asia/Ho_Chi_Minh] [SHUTDOWN ERROR] [1] Uncaught PDOException: could not find driver in C:\Users\Admin\Desktop\Workspace\GACMAI\GACMAI-ADMIN\vendor\illuminate\database\Connectors\Connector.php:70
Stack trace:
#0 C:\Users\Admin\Desktop\Workspace\GACMAI\GACMAI-ADMIN\vendor\illuminate\database\Connectors\Connector.php(70): PDO->__construct('mysql:host=loca...', 'gacmai_code', 'HACF4SCW!4Wx', Array)
#1 C:\Users\Admin\Desktop\Workspace\GACMAI\GACMAI-ADMIN\vendor\illuminate\database\Connectors\Connector.php(46): Illuminate\Database\Connectors\Connector->createPdoConnection('mysql:host=loca...', 'gacmai_code', 'HACF4SCW!4Wx', Array)
#2 C:\Users\Admin\Desktop\Workspace\GACMAI\GACMAI-ADMIN\vendor\illuminate\database\Connectors\MySqlConnector.php(24): Illuminate\Database\Connectors\Connector->createConnection('mysql:host=loca...', Array, Array)
#3 C:\Users\Admin\Desktop\Workspace\GACMAI\GACMAI-ADMIN\vendor\illuminate\database\Connectors\ConnectionFactory.php(184): Illuminate\Database\Connectors\MySqlConnector->connect(Array)
#4 [internal function]: Illuminat - C:\Users\Admin\Desktop\Workspace\GACMAI\GACMAI-ADMIN\vendor\illuminate\database\Connection.php:712

[01-Oct-2024 14:30:03 Asia/Ho_Chi_Minh] PHP Fatal error:  Uncaught PDOException: could not find driver in C:\Users\Admin\Desktop\Workspace\GACMAI\GACMAI-ADMIN\vendor\illuminate\database\Connectors\Connector.php:70
Stack trace:
#0 C:\Users\Admin\Desktop\Workspace\GACMAI\GACMAI-ADMIN\vendor\illuminate\database\Connectors\Connector.php(70): PDO->__construct('mysql:host=loca...', 'gacmai_code', 'HACF4SCW!4Wx', Array)
#1 C:\Users\Admin\Desktop\Workspace\GACMAI\GACMAI-ADMIN\vendor\illuminate\database\Connectors\Connector.php(46): Illuminate\Database\Connectors\Connector->createPdoConnection('mysql:host=loca...', 'gacmai_code', 'HACF4SCW!4Wx', Array)
#2 C:\Users\Admin\Desktop\Workspace\GACMAI\GACMAI-ADMIN\vendor\illuminate\database\Connectors\MySqlConnector.php(24): Illuminate\Database\Connectors\Connector->createConnection('mysql:host=loca...', Array, Array)
#3 C:\Users\Admin\Desktop\Workspace\GACMAI\GACMAI-ADMIN\vendor\illuminate\database\Connectors\ConnectionFactory.php(184): Illuminate\Database\Connectors\MySqlConnector->connect(Array)
#4 [internal function]: Illuminat in C:\Users\Admin\Desktop\Workspace\GACMAI\GACMAI-ADMIN\vendor\illuminate\database\Connection.php on line 712
[01-Oct-2024 14:30:03 Asia/Ho_Chi_Minh] [SHUTDOWN ERROR] [1] Uncaught PDOException: could not find driver in C:\Users\Admin\Desktop\Workspace\GACMAI\GACMAI-ADMIN\vendor\illuminate\database\Connectors\Connector.php:70
Stack trace:
#0 C:\Users\Admin\Desktop\Workspace\GACMAI\GACMAI-ADMIN\vendor\illuminate\database\Connectors\Connector.php(70): PDO->__construct('mysql:host=loca...', 'gacmai_code', 'HACF4SCW!4Wx', Array)
#1 C:\Users\Admin\Desktop\Workspace\GACMAI\GACMAI-ADMIN\vendor\illuminate\database\Connectors\Connector.php(46): Illuminate\Database\Connectors\Connector->createPdoConnection('mysql:host=loca...', 'gacmai_code', 'HACF4SCW!4Wx', Array)
#2 C:\Users\Admin\Desktop\Workspace\GACMAI\GACMAI-ADMIN\vendor\illuminate\database\Connectors\MySqlConnector.php(24): Illuminate\Database\Connectors\Connector->createConnection('mysql:host=loca...', Array, Array)
#3 C:\Users\Admin\Desktop\Workspace\GACMAI\GACMAI-ADMIN\vendor\illuminate\database\Connectors\ConnectionFactory.php(184): Illuminate\Database\Connectors\MySqlConnector->connect(Array)
#4 [internal function]: Illuminat - C:\Users\Admin\Desktop\Workspace\GACMAI\GACMAI-ADMIN\vendor\illuminate\database\Connection.php:712

[01-Oct-2024 14:30:04 Asia/Ho_Chi_Minh] PHP Fatal error:  Uncaught PDOException: could not find driver in C:\Users\Admin\Desktop\Workspace\GACMAI\GACMAI-ADMIN\vendor\illuminate\database\Connectors\Connector.php:70
Stack trace:
#0 C:\Users\Admin\Desktop\Workspace\GACMAI\GACMAI-ADMIN\vendor\illuminate\database\Connectors\Connector.php(70): PDO->__construct('mysql:host=loca...', 'gacmai_code', 'HACF4SCW!4Wx', Array)
#1 C:\Users\Admin\Desktop\Workspace\GACMAI\GACMAI-ADMIN\vendor\illuminate\database\Connectors\Connector.php(46): Illuminate\Database\Connectors\Connector->createPdoConnection('mysql:host=loca...', 'gacmai_code', 'HACF4SCW!4Wx', Array)
#2 C:\Users\Admin\Desktop\Workspace\GACMAI\GACMAI-ADMIN\vendor\illuminate\database\Connectors\MySqlConnector.php(24): Illuminate\Database\Connectors\Connector->createConnection('mysql:host=loca...', Array, Array)
#3 C:\Users\Admin\Desktop\Workspace\GACMAI\GACMAI-ADMIN\vendor\illuminate\database\Connectors\ConnectionFactory.php(184): Illuminate\Database\Connectors\MySqlConnector->connect(Array)
#4 [internal function]: Illuminat in C:\Users\Admin\Desktop\Workspace\GACMAI\GACMAI-ADMIN\vendor\illuminate\database\Connection.php on line 712
[01-Oct-2024 14:30:04 Asia/Ho_Chi_Minh] [SHUTDOWN ERROR] [1] Uncaught PDOException: could not find driver in C:\Users\Admin\Desktop\Workspace\GACMAI\GACMAI-ADMIN\vendor\illuminate\database\Connectors\Connector.php:70
Stack trace:
#0 C:\Users\Admin\Desktop\Workspace\GACMAI\GACMAI-ADMIN\vendor\illuminate\database\Connectors\Connector.php(70): PDO->__construct('mysql:host=loca...', 'gacmai_code', 'HACF4SCW!4Wx', Array)
#1 C:\Users\Admin\Desktop\Workspace\GACMAI\GACMAI-ADMIN\vendor\illuminate\database\Connectors\Connector.php(46): Illuminate\Database\Connectors\Connector->createPdoConnection('mysql:host=loca...', 'gacmai_code', 'HACF4SCW!4Wx', Array)
#2 C:\Users\Admin\Desktop\Workspace\GACMAI\GACMAI-ADMIN\vendor\illuminate\database\Connectors\MySqlConnector.php(24): Illuminate\Database\Connectors\Connector->createConnection('mysql:host=loca...', Array, Array)
#3 C:\Users\Admin\Desktop\Workspace\GACMAI\GACMAI-ADMIN\vendor\illuminate\database\Connectors\ConnectionFactory.php(184): Illuminate\Database\Connectors\MySqlConnector->connect(Array)
#4 [internal function]: Illuminat - C:\Users\Admin\Desktop\Workspace\GACMAI\GACMAI-ADMIN\vendor\illuminate\database\Connection.php:712

[01-Oct-2024 14:30:04 Asia/Ho_Chi_Minh] PHP Fatal error:  Uncaught PDOException: could not find driver in C:\Users\Admin\Desktop\Workspace\GACMAI\GACMAI-ADMIN\vendor\illuminate\database\Connectors\Connector.php:70
Stack trace:
#0 C:\Users\Admin\Desktop\Workspace\GACMAI\GACMAI-ADMIN\vendor\illuminate\database\Connectors\Connector.php(70): PDO->__construct('mysql:host=loca...', 'gacmai_code', 'HACF4SCW!4Wx', Array)
#1 C:\Users\Admin\Desktop\Workspace\GACMAI\GACMAI-ADMIN\vendor\illuminate\database\Connectors\Connector.php(46): Illuminate\Database\Connectors\Connector->createPdoConnection('mysql:host=loca...', 'gacmai_code', 'HACF4SCW!4Wx', Array)
#2 C:\Users\Admin\Desktop\Workspace\GACMAI\GACMAI-ADMIN\vendor\illuminate\database\Connectors\MySqlConnector.php(24): Illuminate\Database\Connectors\Connector->createConnection('mysql:host=loca...', Array, Array)
#3 C:\Users\Admin\Desktop\Workspace\GACMAI\GACMAI-ADMIN\vendor\illuminate\database\Connectors\ConnectionFactory.php(184): Illuminate\Database\Connectors\MySqlConnector->connect(Array)
#4 [internal function]: Illuminat in C:\Users\Admin\Desktop\Workspace\GACMAI\GACMAI-ADMIN\vendor\illuminate\database\Connection.php on line 712
[01-Oct-2024 14:30:04 Asia/Ho_Chi_Minh] [SHUTDOWN ERROR] [1] Uncaught PDOException: could not find driver in C:\Users\Admin\Desktop\Workspace\GACMAI\GACMAI-ADMIN\vendor\illuminate\database\Connectors\Connector.php:70
Stack trace:
#0 C:\Users\Admin\Desktop\Workspace\GACMAI\GACMAI-ADMIN\vendor\illuminate\database\Connectors\Connector.php(70): PDO->__construct('mysql:host=loca...', 'gacmai_code', 'HACF4SCW!4Wx', Array)
#1 C:\Users\Admin\Desktop\Workspace\GACMAI\GACMAI-ADMIN\vendor\illuminate\database\Connectors\Connector.php(46): Illuminate\Database\Connectors\Connector->createPdoConnection('mysql:host=loca...', 'gacmai_code', 'HACF4SCW!4Wx', Array)
#2 C:\Users\Admin\Desktop\Workspace\GACMAI\GACMAI-ADMIN\vendor\illuminate\database\Connectors\MySqlConnector.php(24): Illuminate\Database\Connectors\Connector->createConnection('mysql:host=loca...', Array, Array)
#3 C:\Users\Admin\Desktop\Workspace\GACMAI\GACMAI-ADMIN\vendor\illuminate\database\Connectors\ConnectionFactory.php(184): Illuminate\Database\Connectors\MySqlConnector->connect(Array)
#4 [internal function]: Illuminat - C:\Users\Admin\Desktop\Workspace\GACMAI\GACMAI-ADMIN\vendor\illuminate\database\Connection.php:712

[01-Oct-2024 14:30:04 Asia/Ho_Chi_Minh] PHP Fatal error:  Uncaught PDOException: could not find driver in C:\Users\Admin\Desktop\Workspace\GACMAI\GACMAI-ADMIN\vendor\illuminate\database\Connectors\Connector.php:70
Stack trace:
#0 C:\Users\Admin\Desktop\Workspace\GACMAI\GACMAI-ADMIN\vendor\illuminate\database\Connectors\Connector.php(70): PDO->__construct('mysql:host=loca...', 'gacmai_code', 'HACF4SCW!4Wx', Array)
#1 C:\Users\Admin\Desktop\Workspace\GACMAI\GACMAI-ADMIN\vendor\illuminate\database\Connectors\Connector.php(46): Illuminate\Database\Connectors\Connector->createPdoConnection('mysql:host=loca...', 'gacmai_code', 'HACF4SCW!4Wx', Array)
#2 C:\Users\Admin\Desktop\Workspace\GACMAI\GACMAI-ADMIN\vendor\illuminate\database\Connectors\MySqlConnector.php(24): Illuminate\Database\Connectors\Connector->createConnection('mysql:host=loca...', Array, Array)
#3 C:\Users\Admin\Desktop\Workspace\GACMAI\GACMAI-ADMIN\vendor\illuminate\database\Connectors\ConnectionFactory.php(184): Illuminate\Database\Connectors\MySqlConnector->connect(Array)
#4 [internal function]: Illuminat in C:\Users\Admin\Desktop\Workspace\GACMAI\GACMAI-ADMIN\vendor\illuminate\database\Connection.php on line 712
[01-Oct-2024 14:30:04 Asia/Ho_Chi_Minh] [SHUTDOWN ERROR] [1] Uncaught PDOException: could not find driver in C:\Users\Admin\Desktop\Workspace\GACMAI\GACMAI-ADMIN\vendor\illuminate\database\Connectors\Connector.php:70
Stack trace:
#0 C:\Users\Admin\Desktop\Workspace\GACMAI\GACMAI-ADMIN\vendor\illuminate\database\Connectors\Connector.php(70): PDO->__construct('mysql:host=loca...', 'gacmai_code', 'HACF4SCW!4Wx', Array)
#1 C:\Users\Admin\Desktop\Workspace\GACMAI\GACMAI-ADMIN\vendor\illuminate\database\Connectors\Connector.php(46): Illuminate\Database\Connectors\Connector->createPdoConnection('mysql:host=loca...', 'gacmai_code', 'HACF4SCW!4Wx', Array)
#2 C:\Users\Admin\Desktop\Workspace\GACMAI\GACMAI-ADMIN\vendor\illuminate\database\Connectors\MySqlConnector.php(24): Illuminate\Database\Connectors\Connector->createConnection('mysql:host=loca...', Array, Array)
#3 C:\Users\Admin\Desktop\Workspace\GACMAI\GACMAI-ADMIN\vendor\illuminate\database\Connectors\ConnectionFactory.php(184): Illuminate\Database\Connectors\MySqlConnector->connect(Array)
#4 [internal function]: Illuminat - C:\Users\Admin\Desktop\Workspace\GACMAI\GACMAI-ADMIN\vendor\illuminate\database\Connection.php:712

[01-Oct-2024 14:30:04 Asia/Ho_Chi_Minh] PHP Fatal error:  Uncaught PDOException: could not find driver in C:\Users\Admin\Desktop\Workspace\GACMAI\GACMAI-ADMIN\vendor\illuminate\database\Connectors\Connector.php:70
Stack trace:
#0 C:\Users\Admin\Desktop\Workspace\GACMAI\GACMAI-ADMIN\vendor\illuminate\database\Connectors\Connector.php(70): PDO->__construct('mysql:host=loca...', 'gacmai_code', 'HACF4SCW!4Wx', Array)
#1 C:\Users\Admin\Desktop\Workspace\GACMAI\GACMAI-ADMIN\vendor\illuminate\database\Connectors\Connector.php(46): Illuminate\Database\Connectors\Connector->createPdoConnection('mysql:host=loca...', 'gacmai_code', 'HACF4SCW!4Wx', Array)
#2 C:\Users\Admin\Desktop\Workspace\GACMAI\GACMAI-ADMIN\vendor\illuminate\database\Connectors\MySqlConnector.php(24): Illuminate\Database\Connectors\Connector->createConnection('mysql:host=loca...', Array, Array)
#3 C:\Users\Admin\Desktop\Workspace\GACMAI\GACMAI-ADMIN\vendor\illuminate\database\Connectors\ConnectionFactory.php(184): Illuminate\Database\Connectors\MySqlConnector->connect(Array)
#4 [internal function]: Illuminat in C:\Users\Admin\Desktop\Workspace\GACMAI\GACMAI-ADMIN\vendor\illuminate\database\Connection.php on line 712
[01-Oct-2024 14:30:04 Asia/Ho_Chi_Minh] [SHUTDOWN ERROR] [1] Uncaught PDOException: could not find driver in C:\Users\Admin\Desktop\Workspace\GACMAI\GACMAI-ADMIN\vendor\illuminate\database\Connectors\Connector.php:70
Stack trace:
#0 C:\Users\Admin\Desktop\Workspace\GACMAI\GACMAI-ADMIN\vendor\illuminate\database\Connectors\Connector.php(70): PDO->__construct('mysql:host=loca...', 'gacmai_code', 'HACF4SCW!4Wx', Array)
#1 C:\Users\Admin\Desktop\Workspace\GACMAI\GACMAI-ADMIN\vendor\illuminate\database\Connectors\Connector.php(46): Illuminate\Database\Connectors\Connector->createPdoConnection('mysql:host=loca...', 'gacmai_code', 'HACF4SCW!4Wx', Array)
#2 C:\Users\Admin\Desktop\Workspace\GACMAI\GACMAI-ADMIN\vendor\illuminate\database\Connectors\MySqlConnector.php(24): Illuminate\Database\Connectors\Connector->createConnection('mysql:host=loca...', Array, Array)
#3 C:\Users\Admin\Desktop\Workspace\GACMAI\GACMAI-ADMIN\vendor\illuminate\database\Connectors\ConnectionFactory.php(184): Illuminate\Database\Connectors\MySqlConnector->connect(Array)
#4 [internal function]: Illuminat - C:\Users\Admin\Desktop\Workspace\GACMAI\GACMAI-ADMIN\vendor\illuminate\database\Connection.php:712

