[30-Oct-2024 11:37:22 Asia/Ho_Chi_Minh] PHP Fatal error:  Uncaught Error: Call to undefined method AsfyCode\Utils\Request::getHost() in /home/gacmai/public_html/thietke.gacmai.vn/app/Providers/RouteServiceProvider.php:27
Stack trace:
#0 /home/gacmai/public_html/thietke.gacmai.vn/bootstraps/Utils/Route.php(95): App\Providers\RouteServiceProvider->App\Providers\{closure}()
#1 /home/gacmai/public_html/thietke.gacmai.vn/app/Providers/RouteServiceProvider.php(30): AsfyCode\Utils\Route::group(Object(Closure))
#2 /home/gacmai/public_html/thietke.gacmai.vn/app/Providers/RouteServiceProvider.php(14): App\Providers\RouteServiceProvider->registerRoutes()
#3 /home/gacmai/public_html/thietke.gacmai.vn/index.php(23): App\Providers\RouteServiceProvider->boot()
#4 {main}
  thrown in /home/gacmai/public_html/thietke.gacmai.vn/app/Providers/RouteServiceProvider.php on line 27
[30-Oct-2024 11:37:26 Asia/Ho_Chi_Minh] PHP Fatal error:  Uncaught Error: Call to undefined method AsfyCode\Utils\Request::getHost() in /home/gacmai/public_html/thietke.gacmai.vn/app/Providers/RouteServiceProvider.php:27
Stack trace:
#0 /home/gacmai/public_html/thietke.gacmai.vn/bootstraps/Utils/Route.php(95): App\Providers\RouteServiceProvider->App\Providers\{closure}()
#1 /home/gacmai/public_html/thietke.gacmai.vn/app/Providers/RouteServiceProvider.php(30): AsfyCode\Utils\Route::group(Object(Closure))
#2 /home/gacmai/public_html/thietke.gacmai.vn/app/Providers/RouteServiceProvider.php(14): App\Providers\RouteServiceProvider->registerRoutes()
#3 /home/gacmai/public_html/thietke.gacmai.vn/index.php(23): App\Providers\RouteServiceProvider->boot()
#4 {main}
  thrown in /home/gacmai/public_html/thietke.gacmai.vn/app/Providers/RouteServiceProvider.php on line 27
[30-Oct-2024 11:38:45 Asia/Ho_Chi_Minh] PHP Fatal error:  Uncaught Error: Call to undefined method AsfyCode\Utils\Request::getHost() in /home/gacmai/public_html/thietke.gacmai.vn/app/Providers/RouteServiceProvider.php:27
Stack trace:
#0 /home/gacmai/public_html/thietke.gacmai.vn/bootstraps/Utils/Route.php(95): App\Providers\RouteServiceProvider->App\Providers\{closure}()
#1 /home/gacmai/public_html/thietke.gacmai.vn/app/Providers/RouteServiceProvider.php(30): AsfyCode\Utils\Route::group(Object(Closure))
#2 /home/gacmai/public_html/thietke.gacmai.vn/app/Providers/RouteServiceProvider.php(14): App\Providers\RouteServiceProvider->registerRoutes()
#3 /home/gacmai/public_html/thietke.gacmai.vn/index.php(23): App\Providers\RouteServiceProvider->boot()
#4 {main}
  thrown in /home/gacmai/public_html/thietke.gacmai.vn/app/Providers/RouteServiceProvider.php on line 27
[30-Oct-2024 11:38:45 Asia/Ho_Chi_Minh] PHP Fatal error:  Uncaught Error: Call to undefined method AsfyCode\Utils\Request::getHost() in /home/gacmai/public_html/thietke.gacmai.vn/app/Providers/RouteServiceProvider.php:27
Stack trace:
#0 /home/gacmai/public_html/thietke.gacmai.vn/bootstraps/Utils/Route.php(95): App\Providers\RouteServiceProvider->App\Providers\{closure}()
#1 /home/gacmai/public_html/thietke.gacmai.vn/app/Providers/RouteServiceProvider.php(30): AsfyCode\Utils\Route::group(Object(Closure))
#2 /home/gacmai/public_html/thietke.gacmai.vn/app/Providers/RouteServiceProvider.php(14): App\Providers\RouteServiceProvider->registerRoutes()
#3 /home/gacmai/public_html/thietke.gacmai.vn/index.php(23): App\Providers\RouteServiceProvider->boot()
#4 {main}
  thrown in /home/gacmai/public_html/thietke.gacmai.vn/app/Providers/RouteServiceProvider.php on line 27
[30-Oct-2024 11:38:53 Asia/Ho_Chi_Minh] PHP Fatal error:  Uncaught Error: Call to undefined method AsfyCode\Utils\Request::getHost() in /home/gacmai/public_html/thietke.gacmai.vn/app/Providers/RouteServiceProvider.php:27
Stack trace:
#0 /home/gacmai/public_html/thietke.gacmai.vn/bootstraps/Utils/Route.php(95): App\Providers\RouteServiceProvider->App\Providers\{closure}()
#1 /home/gacmai/public_html/thietke.gacmai.vn/app/Providers/RouteServiceProvider.php(30): AsfyCode\Utils\Route::group(Object(Closure))
#2 /home/gacmai/public_html/thietke.gacmai.vn/app/Providers/RouteServiceProvider.php(14): App\Providers\RouteServiceProvider->registerRoutes()
#3 /home/gacmai/public_html/thietke.gacmai.vn/index.php(23): App\Providers\RouteServiceProvider->boot()
#4 {main}
  thrown in /home/gacmai/public_html/thietke.gacmai.vn/app/Providers/RouteServiceProvider.php on line 27
[30-Oct-2024 11:38:53 Asia/Ho_Chi_Minh] PHP Fatal error:  Uncaught Error: Call to undefined method AsfyCode\Utils\Request::getHost() in /home/gacmai/public_html/thietke.gacmai.vn/app/Providers/RouteServiceProvider.php:27
Stack trace:
#0 /home/gacmai/public_html/thietke.gacmai.vn/bootstraps/Utils/Route.php(95): App\Providers\RouteServiceProvider->App\Providers\{closure}()
#1 /home/gacmai/public_html/thietke.gacmai.vn/app/Providers/RouteServiceProvider.php(30): AsfyCode\Utils\Route::group(Object(Closure))
#2 /home/gacmai/public_html/thietke.gacmai.vn/app/Providers/RouteServiceProvider.php(14): App\Providers\RouteServiceProvider->registerRoutes()
#3 /home/gacmai/public_html/thietke.gacmai.vn/index.php(23): App\Providers\RouteServiceProvider->boot()
#4 {main}
  thrown in /home/gacmai/public_html/thietke.gacmai.vn/app/Providers/RouteServiceProvider.php on line 27
[30-Oct-2024 11:38:57 Asia/Ho_Chi_Minh] PHP Fatal error:  Uncaught Error: Call to undefined method AsfyCode\Utils\Request::getHost() in /home/gacmai/public_html/thietke.gacmai.vn/app/Providers/RouteServiceProvider.php:27
Stack trace:
#0 /home/gacmai/public_html/thietke.gacmai.vn/bootstraps/Utils/Route.php(95): App\Providers\RouteServiceProvider->App\Providers\{closure}()
#1 /home/gacmai/public_html/thietke.gacmai.vn/app/Providers/RouteServiceProvider.php(30): AsfyCode\Utils\Route::group(Object(Closure))
#2 /home/gacmai/public_html/thietke.gacmai.vn/app/Providers/RouteServiceProvider.php(14): App\Providers\RouteServiceProvider->registerRoutes()
#3 /home/gacmai/public_html/thietke.gacmai.vn/index.php(23): App\Providers\RouteServiceProvider->boot()
#4 {main}
  thrown in /home/gacmai/public_html/thietke.gacmai.vn/app/Providers/RouteServiceProvider.php on line 27
[30-Oct-2024 11:38:57 Asia/Ho_Chi_Minh] PHP Fatal error:  Uncaught Error: Call to undefined method AsfyCode\Utils\Request::getHost() in /home/gacmai/public_html/thietke.gacmai.vn/app/Providers/RouteServiceProvider.php:27
Stack trace:
#0 /home/gacmai/public_html/thietke.gacmai.vn/bootstraps/Utils/Route.php(95): App\Providers\RouteServiceProvider->App\Providers\{closure}()
#1 /home/gacmai/public_html/thietke.gacmai.vn/app/Providers/RouteServiceProvider.php(30): AsfyCode\Utils\Route::group(Object(Closure))
#2 /home/gacmai/public_html/thietke.gacmai.vn/app/Providers/RouteServiceProvider.php(14): App\Providers\RouteServiceProvider->registerRoutes()
#3 /home/gacmai/public_html/thietke.gacmai.vn/index.php(23): App\Providers\RouteServiceProvider->boot()
#4 {main}
  thrown in /home/gacmai/public_html/thietke.gacmai.vn/app/Providers/RouteServiceProvider.php on line 27
[30-Oct-2024 11:39:34 Asia/Ho_Chi_Minh] PHP Fatal error:  Uncaught Error: Call to undefined method AsfyCode\Utils\Request::getHost() in /home/gacmai/public_html/thietke.gacmai.vn/app/Providers/RouteServiceProvider.php:27
Stack trace:
#0 /home/gacmai/public_html/thietke.gacmai.vn/bootstraps/Utils/Route.php(95): App\Providers\RouteServiceProvider->App\Providers\{closure}()
#1 /home/gacmai/public_html/thietke.gacmai.vn/app/Providers/RouteServiceProvider.php(30): AsfyCode\Utils\Route::group(Object(Closure))
#2 /home/gacmai/public_html/thietke.gacmai.vn/app/Providers/RouteServiceProvider.php(14): App\Providers\RouteServiceProvider->registerRoutes()
#3 /home/gacmai/public_html/thietke.gacmai.vn/index.php(23): App\Providers\RouteServiceProvider->boot()
#4 {main}
  thrown in /home/gacmai/public_html/thietke.gacmai.vn/app/Providers/RouteServiceProvider.php on line 27
[30-Oct-2024 11:39:34 Asia/Ho_Chi_Minh] PHP Fatal error:  Uncaught Error: Call to undefined method AsfyCode\Utils\Request::getHost() in /home/gacmai/public_html/thietke.gacmai.vn/app/Providers/RouteServiceProvider.php:27
Stack trace:
#0 /home/gacmai/public_html/thietke.gacmai.vn/bootstraps/Utils/Route.php(95): App\Providers\RouteServiceProvider->App\Providers\{closure}()
#1 /home/gacmai/public_html/thietke.gacmai.vn/app/Providers/RouteServiceProvider.php(30): AsfyCode\Utils\Route::group(Object(Closure))
#2 /home/gacmai/public_html/thietke.gacmai.vn/app/Providers/RouteServiceProvider.php(14): App\Providers\RouteServiceProvider->registerRoutes()
#3 /home/gacmai/public_html/thietke.gacmai.vn/index.php(23): App\Providers\RouteServiceProvider->boot()
#4 {main}
  thrown in /home/gacmai/public_html/thietke.gacmai.vn/app/Providers/RouteServiceProvider.php on line 27
[30-Oct-2024 11:39:36 Asia/Ho_Chi_Minh] PHP Fatal error:  Uncaught Error: Call to undefined method AsfyCode\Utils\Request::getHost() in /home/gacmai/public_html/thietke.gacmai.vn/app/Providers/RouteServiceProvider.php:27
Stack trace:
#0 /home/gacmai/public_html/thietke.gacmai.vn/bootstraps/Utils/Route.php(95): App\Providers\RouteServiceProvider->App\Providers\{closure}()
#1 /home/gacmai/public_html/thietke.gacmai.vn/app/Providers/RouteServiceProvider.php(30): AsfyCode\Utils\Route::group(Object(Closure))
#2 /home/gacmai/public_html/thietke.gacmai.vn/app/Providers/RouteServiceProvider.php(14): App\Providers\RouteServiceProvider->registerRoutes()
#3 /home/gacmai/public_html/thietke.gacmai.vn/index.php(23): App\Providers\RouteServiceProvider->boot()
#4 {main}
  thrown in /home/gacmai/public_html/thietke.gacmai.vn/app/Providers/RouteServiceProvider.php on line 27
[30-Oct-2024 11:39:36 Asia/Ho_Chi_Minh] PHP Fatal error:  Uncaught Error: Call to undefined method AsfyCode\Utils\Request::getHost() in /home/gacmai/public_html/thietke.gacmai.vn/app/Providers/RouteServiceProvider.php:27
Stack trace:
#0 /home/gacmai/public_html/thietke.gacmai.vn/bootstraps/Utils/Route.php(95): App\Providers\RouteServiceProvider->App\Providers\{closure}()
#1 /home/gacmai/public_html/thietke.gacmai.vn/app/Providers/RouteServiceProvider.php(30): AsfyCode\Utils\Route::group(Object(Closure))
#2 /home/gacmai/public_html/thietke.gacmai.vn/app/Providers/RouteServiceProvider.php(14): App\Providers\RouteServiceProvider->registerRoutes()
#3 /home/gacmai/public_html/thietke.gacmai.vn/index.php(23): App\Providers\RouteServiceProvider->boot()
#4 {main}
  thrown in /home/gacmai/public_html/thietke.gacmai.vn/app/Providers/RouteServiceProvider.php on line 27
[30-Oct-2024 11:47:47 Asia/Ho_Chi_Minh] [ERROR] [2] require_once(/home/gacmai/public_html/thietke.gacmai.vn/routes/xuong.php): failed to open stream: No such file or directory - /home/gacmai/public_html/thietke.gacmai.vn/app/Providers/RouteServiceProvider.php:40

[30-Oct-2024 11:47:47 Asia/Ho_Chi_Minh] PHP Fatal error:  require_once(): Failed opening required '/home/gacmai/public_html/thietke.gacmai.vn/routes/xuong.php' (include_path='.:/opt/alt/php74/usr/share/pear') in /home/gacmai/public_html/thietke.gacmai.vn/app/Providers/RouteServiceProvider.php on line 40
[30-Oct-2024 11:47:47 Asia/Ho_Chi_Minh] [ERROR] [2] require_once(/home/gacmai/public_html/thietke.gacmai.vn/routes/xuong.php): failed to open stream: No such file or directory - /home/gacmai/public_html/thietke.gacmai.vn/app/Providers/RouteServiceProvider.php:40

[30-Oct-2024 11:47:47 Asia/Ho_Chi_Minh] PHP Fatal error:  require_once(): Failed opening required '/home/gacmai/public_html/thietke.gacmai.vn/routes/xuong.php' (include_path='.:/opt/alt/php74/usr/share/pear') in /home/gacmai/public_html/thietke.gacmai.vn/app/Providers/RouteServiceProvider.php on line 40
[30-Oct-2024 11:47:59 Asia/Ho_Chi_Minh] [ERROR] [2] require_once(/home/gacmai/public_html/thietke.gacmai.vn/routes/xuong.php): failed to open stream: No such file or directory - /home/gacmai/public_html/thietke.gacmai.vn/app/Providers/RouteServiceProvider.php:40

[30-Oct-2024 11:47:59 Asia/Ho_Chi_Minh] PHP Fatal error:  require_once(): Failed opening required '/home/gacmai/public_html/thietke.gacmai.vn/routes/xuong.php' (include_path='.:/opt/alt/php74/usr/share/pear') in /home/gacmai/public_html/thietke.gacmai.vn/app/Providers/RouteServiceProvider.php on line 40
[30-Oct-2024 11:47:59 Asia/Ho_Chi_Minh] [ERROR] [2] require_once(/home/gacmai/public_html/thietke.gacmai.vn/routes/xuong.php): failed to open stream: No such file or directory - /home/gacmai/public_html/thietke.gacmai.vn/app/Providers/RouteServiceProvider.php:40

[30-Oct-2024 11:47:59 Asia/Ho_Chi_Minh] PHP Fatal error:  require_once(): Failed opening required '/home/gacmai/public_html/thietke.gacmai.vn/routes/xuong.php' (include_path='.:/opt/alt/php74/usr/share/pear') in /home/gacmai/public_html/thietke.gacmai.vn/app/Providers/RouteServiceProvider.php on line 40
[30-Oct-2024 11:48:00 Asia/Ho_Chi_Minh] [ERROR] [2] require_once(/home/gacmai/public_html/thietke.gacmai.vn/routes/xuong.php): failed to open stream: No such file or directory - /home/gacmai/public_html/thietke.gacmai.vn/app/Providers/RouteServiceProvider.php:40

[30-Oct-2024 11:48:00 Asia/Ho_Chi_Minh] PHP Fatal error:  require_once(): Failed opening required '/home/gacmai/public_html/thietke.gacmai.vn/routes/xuong.php' (include_path='.:/opt/alt/php74/usr/share/pear') in /home/gacmai/public_html/thietke.gacmai.vn/app/Providers/RouteServiceProvider.php on line 40
[30-Oct-2024 11:48:00 Asia/Ho_Chi_Minh] [ERROR] [2] require_once(/home/gacmai/public_html/thietke.gacmai.vn/routes/xuong.php): failed to open stream: No such file or directory - /home/gacmai/public_html/thietke.gacmai.vn/app/Providers/RouteServiceProvider.php:40

[30-Oct-2024 11:48:00 Asia/Ho_Chi_Minh] PHP Fatal error:  require_once(): Failed opening required '/home/gacmai/public_html/thietke.gacmai.vn/routes/xuong.php' (include_path='.:/opt/alt/php74/usr/share/pear') in /home/gacmai/public_html/thietke.gacmai.vn/app/Providers/RouteServiceProvider.php on line 40
[30-Oct-2024 11:48:00 Asia/Ho_Chi_Minh] [ERROR] [2] require_once(/home/gacmai/public_html/thietke.gacmai.vn/routes/xuong.php): failed to open stream: No such file or directory - /home/gacmai/public_html/thietke.gacmai.vn/app/Providers/RouteServiceProvider.php:40

[30-Oct-2024 11:48:00 Asia/Ho_Chi_Minh] PHP Fatal error:  require_once(): Failed opening required '/home/gacmai/public_html/thietke.gacmai.vn/routes/xuong.php' (include_path='.:/opt/alt/php74/usr/share/pear') in /home/gacmai/public_html/thietke.gacmai.vn/app/Providers/RouteServiceProvider.php on line 40
[30-Oct-2024 11:48:00 Asia/Ho_Chi_Minh] [ERROR] [2] require_once(/home/gacmai/public_html/thietke.gacmai.vn/routes/xuong.php): failed to open stream: No such file or directory - /home/gacmai/public_html/thietke.gacmai.vn/app/Providers/RouteServiceProvider.php:40

[30-Oct-2024 11:48:00 Asia/Ho_Chi_Minh] PHP Fatal error:  require_once(): Failed opening required '/home/gacmai/public_html/thietke.gacmai.vn/routes/xuong.php' (include_path='.:/opt/alt/php74/usr/share/pear') in /home/gacmai/public_html/thietke.gacmai.vn/app/Providers/RouteServiceProvider.php on line 40
[30-Oct-2024 11:48:00 Asia/Ho_Chi_Minh] [ERROR] [2] require_once(/home/gacmai/public_html/thietke.gacmai.vn/routes/xuong.php): failed to open stream: No such file or directory - /home/gacmai/public_html/thietke.gacmai.vn/app/Providers/RouteServiceProvider.php:40

[30-Oct-2024 11:48:00 Asia/Ho_Chi_Minh] PHP Fatal error:  require_once(): Failed opening required '/home/gacmai/public_html/thietke.gacmai.vn/routes/xuong.php' (include_path='.:/opt/alt/php74/usr/share/pear') in /home/gacmai/public_html/thietke.gacmai.vn/app/Providers/RouteServiceProvider.php on line 40
[30-Oct-2024 11:48:01 Asia/Ho_Chi_Minh] [ERROR] [2] require_once(/home/gacmai/public_html/thietke.gacmai.vn/routes/xuong.php): failed to open stream: No such file or directory - /home/gacmai/public_html/thietke.gacmai.vn/app/Providers/RouteServiceProvider.php:40

[30-Oct-2024 11:48:01 Asia/Ho_Chi_Minh] PHP Fatal error:  require_once(): Failed opening required '/home/gacmai/public_html/thietke.gacmai.vn/routes/xuong.php' (include_path='.:/opt/alt/php74/usr/share/pear') in /home/gacmai/public_html/thietke.gacmai.vn/app/Providers/RouteServiceProvider.php on line 40
[30-Oct-2024 11:50:22 Asia/Ho_Chi_Minh] PHP Fatal error:  Uncaught Exception: Lớp App\Http\Controllers\WEB\HomeController hoặc phương thức xuong không tồn tại. in /home/gacmai/public_html/thietke.gacmai.vn/bootstraps/Traits/HttpRequest.php:57
Stack trace:
#0 /home/gacmai/public_html/thietke.gacmai.vn/bootstraps/Traits/HttpRequest.php(22): App\Http\Kernel->routeNavigation(Array)
#1 /home/gacmai/public_html/thietke.gacmai.vn/index.php(34): App\Http\Kernel->handle(Object(AsfyCode\Utils\Request))
#2 {main}
  thrown in /home/gacmai/public_html/thietke.gacmai.vn/bootstraps/Traits/HttpRequest.php on line 57
[30-Oct-2024 11:50:44 Asia/Ho_Chi_Minh] PHP Fatal error:  Uncaught Exception: Lớp App\Http\Controllers\WEB\HomeController hoặc phương thức xuong không tồn tại. in /home/gacmai/public_html/thietke.gacmai.vn/bootstraps/Traits/HttpRequest.php:57
Stack trace:
#0 /home/gacmai/public_html/thietke.gacmai.vn/bootstraps/Traits/HttpRequest.php(22): App\Http\Kernel->routeNavigation(Array)
#1 /home/gacmai/public_html/thietke.gacmai.vn/index.php(34): App\Http\Kernel->handle(Object(AsfyCode\Utils\Request))
#2 {main}
  thrown in /home/gacmai/public_html/thietke.gacmai.vn/bootstraps/Traits/HttpRequest.php on line 57
[30-Oct-2024 11:50:45 Asia/Ho_Chi_Minh] PHP Fatal error:  Uncaught Exception: Lớp App\Http\Controllers\WEB\HomeController hoặc phương thức xuong không tồn tại. in /home/gacmai/public_html/thietke.gacmai.vn/bootstraps/Traits/HttpRequest.php:57
Stack trace:
#0 /home/gacmai/public_html/thietke.gacmai.vn/bootstraps/Traits/HttpRequest.php(22): App\Http\Kernel->routeNavigation(Array)
#1 /home/gacmai/public_html/thietke.gacmai.vn/index.php(34): App\Http\Kernel->handle(Object(AsfyCode\Utils\Request))
#2 {main}
  thrown in /home/gacmai/public_html/thietke.gacmai.vn/bootstraps/Traits/HttpRequest.php on line 57
[30-Oct-2024 11:51:17 Asia/Ho_Chi_Minh] PHP Fatal error:  Uncaught Exception: Lớp App\Http\Controllers\WEB\HomeController hoặc phương thức thietke không tồn tại. in /home/gacmai/public_html/thietke.gacmai.vn/bootstraps/Traits/HttpRequest.php:57
Stack trace:
#0 /home/gacmai/public_html/thietke.gacmai.vn/bootstraps/Traits/HttpRequest.php(22): App\Http\Kernel->routeNavigation(Array)
#1 /home/gacmai/public_html/thietke.gacmai.vn/index.php(34): App\Http\Kernel->handle(Object(AsfyCode\Utils\Request))
#2 {main}
  thrown in /home/gacmai/public_html/thietke.gacmai.vn/bootstraps/Traits/HttpRequest.php on line 57
[30-Oct-2024 11:51:21 Asia/Ho_Chi_Minh] PHP Fatal error:  Uncaught Exception: Lớp App\Http\Controllers\WEB\HomeController hoặc phương thức thietke không tồn tại. in /home/gacmai/public_html/thietke.gacmai.vn/bootstraps/Traits/HttpRequest.php:57
Stack trace:
#0 /home/gacmai/public_html/thietke.gacmai.vn/bootstraps/Traits/HttpRequest.php(22): App\Http\Kernel->routeNavigation(Array)
#1 /home/gacmai/public_html/thietke.gacmai.vn/index.php(34): App\Http\Kernel->handle(Object(AsfyCode\Utils\Request))
#2 {main}
  thrown in /home/gacmai/public_html/thietke.gacmai.vn/bootstraps/Traits/HttpRequest.php on line 57
[30-Oct-2024 11:51:23 Asia/Ho_Chi_Minh] PHP Fatal error:  Uncaught Exception: Lớp App\Http\Controllers\WEB\HomeController hoặc phương thức thietke không tồn tại. in /home/gacmai/public_html/thietke.gacmai.vn/bootstraps/Traits/HttpRequest.php:57
Stack trace:
#0 /home/gacmai/public_html/thietke.gacmai.vn/bootstraps/Traits/HttpRequest.php(22): App\Http\Kernel->routeNavigation(Array)
#1 /home/gacmai/public_html/thietke.gacmai.vn/index.php(34): App\Http\Kernel->handle(Object(AsfyCode\Utils\Request))
#2 {main}
  thrown in /home/gacmai/public_html/thietke.gacmai.vn/bootstraps/Traits/HttpRequest.php on line 57
[30-Oct-2024 11:51:34 Asia/Ho_Chi_Minh] PHP Fatal error:  Uncaught Exception: Lớp App\Http\Controllers\WEB\HomeController hoặc phương thức thietke không tồn tại. in /home/gacmai/public_html/thietke.gacmai.vn/bootstraps/Traits/HttpRequest.php:57
Stack trace:
#0 /home/gacmai/public_html/thietke.gacmai.vn/bootstraps/Traits/HttpRequest.php(22): App\Http\Kernel->routeNavigation(Array)
#1 /home/gacmai/public_html/thietke.gacmai.vn/index.php(34): App\Http\Kernel->handle(Object(AsfyCode\Utils\Request))
#2 {main}
  thrown in /home/gacmai/public_html/thietke.gacmai.vn/bootstraps/Traits/HttpRequest.php on line 57
[30-Oct-2024 11:51:35 Asia/Ho_Chi_Minh] PHP Fatal error:  Uncaught Exception: Lớp App\Http\Controllers\WEB\HomeController hoặc phương thức thietke không tồn tại. in /home/gacmai/public_html/thietke.gacmai.vn/bootstraps/Traits/HttpRequest.php:57
Stack trace:
#0 /home/gacmai/public_html/thietke.gacmai.vn/bootstraps/Traits/HttpRequest.php(22): App\Http\Kernel->routeNavigation(Array)
#1 /home/gacmai/public_html/thietke.gacmai.vn/index.php(34): App\Http\Kernel->handle(Object(AsfyCode\Utils\Request))
#2 {main}
  thrown in /home/gacmai/public_html/thietke.gacmai.vn/bootstraps/Traits/HttpRequest.php on line 57
[30-Oct-2024 11:51:37 Asia/Ho_Chi_Minh] PHP Fatal error:  Uncaught Exception: Lớp App\Http\Controllers\WEB\HomeController hoặc phương thức thietke không tồn tại. in /home/gacmai/public_html/thietke.gacmai.vn/bootstraps/Traits/HttpRequest.php:57
Stack trace:
#0 /home/gacmai/public_html/thietke.gacmai.vn/bootstraps/Traits/HttpRequest.php(22): App\Http\Kernel->routeNavigation(Array)
#1 /home/gacmai/public_html/thietke.gacmai.vn/index.php(34): App\Http\Kernel->handle(Object(AsfyCode\Utils\Request))
#2 {main}
  thrown in /home/gacmai/public_html/thietke.gacmai.vn/bootstraps/Traits/HttpRequest.php on line 57
[30-Oct-2024 11:53:00 Asia/Ho_Chi_Minh] [ERROR] [8] Object of class App\Models\CustomerStatus could not be converted to int - /home/gacmai/public_html/thietke.gacmai.vn/app/Http/Controllers/WEB/HomeController.php:15

[30-Oct-2024 11:53:00 Asia/Ho_Chi_Minh] [ERROR] [8] Object of class App\Models\CustomerStatus could not be converted to int - /home/gacmai/public_html/thietke.gacmai.vn/storage/framework/views/layouts.app_3b3af54d0887a995830814c38a567dd61ed3a3be.bladec:109

[30-Oct-2024 11:53:04 Asia/Ho_Chi_Minh] PHP Fatal error:  Uncaught Exception: Lớp App\Http\Controllers\WEB\HomeController hoặc phương thức thietke không tồn tại. in /home/gacmai/public_html/thietke.gacmai.vn/bootstraps/Traits/HttpRequest.php:57
Stack trace:
#0 /home/gacmai/public_html/thietke.gacmai.vn/bootstraps/Traits/HttpRequest.php(22): App\Http\Kernel->routeNavigation(Array)
#1 /home/gacmai/public_html/thietke.gacmai.vn/index.php(34): App\Http\Kernel->handle(Object(AsfyCode\Utils\Request))
#2 {main}
  thrown in /home/gacmai/public_html/thietke.gacmai.vn/bootstraps/Traits/HttpRequest.php on line 57
[30-Oct-2024 11:56:05 Asia/Ho_Chi_Minh] PHP Fatal error:  Uncaught Exception: Lớp App\Http\Controllers\WEB\HomeController hoặc phương thức thietke không tồn tại. in /home/gacmai/public_html/thietke.gacmai.vn/bootstraps/Traits/HttpRequest.php:57
Stack trace:
#0 /home/gacmai/public_html/thietke.gacmai.vn/bootstraps/Traits/HttpRequest.php(22): App\Http\Kernel->routeNavigation(Array)
#1 /home/gacmai/public_html/thietke.gacmai.vn/index.php(34): App\Http\Kernel->handle(Object(AsfyCode\Utils\Request))
#2 {main}
  thrown in /home/gacmai/public_html/thietke.gacmai.vn/bootstraps/Traits/HttpRequest.php on line 57
[30-Oct-2024 11:56:06 Asia/Ho_Chi_Minh] PHP Fatal error:  Uncaught Exception: Lớp App\Http\Controllers\WEB\HomeController hoặc phương thức thietke không tồn tại. in /home/gacmai/public_html/thietke.gacmai.vn/bootstraps/Traits/HttpRequest.php:57
Stack trace:
#0 /home/gacmai/public_html/thietke.gacmai.vn/bootstraps/Traits/HttpRequest.php(22): App\Http\Kernel->routeNavigation(Array)
#1 /home/gacmai/public_html/thietke.gacmai.vn/index.php(34): App\Http\Kernel->handle(Object(AsfyCode\Utils\Request))
#2 {main}
  thrown in /home/gacmai/public_html/thietke.gacmai.vn/bootstraps/Traits/HttpRequest.php on line 57
[30-Oct-2024 11:56:07 Asia/Ho_Chi_Minh] PHP Fatal error:  Uncaught Exception: Lớp App\Http\Controllers\WEB\HomeController hoặc phương thức thietke không tồn tại. in /home/gacmai/public_html/thietke.gacmai.vn/bootstraps/Traits/HttpRequest.php:57
Stack trace:
#0 /home/gacmai/public_html/thietke.gacmai.vn/bootstraps/Traits/HttpRequest.php(22): App\Http\Kernel->routeNavigation(Array)
#1 /home/gacmai/public_html/thietke.gacmai.vn/index.php(34): App\Http\Kernel->handle(Object(AsfyCode\Utils\Request))
#2 {main}
  thrown in /home/gacmai/public_html/thietke.gacmai.vn/bootstraps/Traits/HttpRequest.php on line 57
[30-Oct-2024 11:56:08 Asia/Ho_Chi_Minh] Error: Template not found: errors.419
In file: /home/gacmai/public_html/thietke.gacmai.vn/vendor/eftec/bladeone/lib/BladeOne.php
On line: 1390
Context: function logError
Caught in file: /home/gacmai/public_html/thietke.gacmai.vn/app/Helper/helper.php
On line: 133
 ★★★★★★★★★★★★★★★★★★★★★★★★★★★★★★★★★★★ ERROR LOG ★★★★★★★★★★★★★★★★★★★★★★★★★★★★★★★★★★★

